[2021-06-29 21:03:15]--[src_cgi/login_cgi.c:288]--buf = {
    "pwd": "e71dc5137306e66dac1b35a97d85a93e",
    "user": "sakura"
}

[2021-06-29 21:03:15]--[src_cgi/login_cgi.c:294]--user = sakura, pwd = e71dc5137306e66dac1b35a97d85a93e
[2021-06-29 21:03:15]--[src_cgi/login_cgi.c:101]--mysql_user = root, mysql_pwd = zzc123, mysql_db = cloud_disk
[2021-06-29 21:03:17]--[src_cgi/login_cgi.c:161]--redis:[ip=127.0.0.1,port=6379]
[2021-06-29 21:03:17]--[src_cgi/login_cgi.c:185]--tmp = sakura64454652173
[2021-06-29 21:03:17]--[src_cgi/login_cgi.c:201]--base64 = bN5wDM+5kCKSTVBGTgCYrq7DEUAkWTSv
[2021-06-29 21:03:17]--[src_cgi/login_cgi.c:303]--token = ccb8de3c82e20c750c7d178b65e16428
[2021-06-29 21:03:18]--[src_cgi/login_cgi.c:288]--buf = {
    "pwd": "e71dc5137306e66dac1b35a97d85a93e",
    "user": "sakura"
}

[2021-06-29 21:03:18]--[src_cgi/login_cgi.c:294]--user = sakura, pwd = e71dc5137306e66dac1b35a97d85a93e
[2021-06-29 21:03:18]--[src_cgi/login_cgi.c:101]--mysql_user = root, mysql_pwd = zzc123, mysql_db = cloud_disk
[2021-06-29 21:03:18]--[src_cgi/login_cgi.c:161]--redis:[ip=127.0.0.1,port=6379]
[2021-06-29 21:03:18]--[src_cgi/login_cgi.c:185]--tmp = sakura787757372576
[2021-06-29 21:03:18]--[src_cgi/login_cgi.c:201]--base64 = E1X5WITqfMjCQydqHaffXiGhuN4uFXhu
[2021-06-29 21:03:18]--[src_cgi/login_cgi.c:303]--token = 6cfb29f6c8dbaff82cadc173696c46b8
[2021-06-29 21:03:38]--[src_cgi/login_cgi.c:288]--buf = {
    "pwd": "e71dc5137306e66dac1b35a97d85a93e",
    "user": "sakura"
}

[2021-06-29 21:03:38]--[src_cgi/login_cgi.c:294]--user = sakura, pwd = e71dc5137306e66dac1b35a97d85a93e
[2021-06-29 21:03:38]--[src_cgi/login_cgi.c:101]--mysql_user = root, mysql_pwd = zzc123, mysql_db = cloud_disk
[2021-06-29 21:03:38]--[src_cgi/login_cgi.c:161]--redis:[ip=127.0.0.1,port=6379]
[2021-06-29 21:03:38]--[src_cgi/login_cgi.c:185]--tmp = sakura114433480308
[2021-06-29 21:03:38]--[src_cgi/login_cgi.c:201]--base64 = o4txCPjYmYmnAxPPOU+ALOuEpBfVvZ4b
[2021-06-29 21:03:38]--[src_cgi/login_cgi.c:303]--token = 89b4c8f21911a125c94614f7aea5f3a3
[2021-06-29 21:03:46]--[src_cgi/login_cgi.c:288]--buf = {
    "pwd": "e71dc5137306e66dac1b35a97d85a93e",
    "user": "sakura"
}

[2021-06-29 21:03:46]--[src_cgi/login_cgi.c:294]--user = sakura, pwd = e71dc5137306e66dac1b35a97d85a93e
[2021-06-29 21:03:46]--[src_cgi/login_cgi.c:101]--mysql_user = root, mysql_pwd = zzc123, mysql_db = cloud_disk
[2021-06-29 21:03:46]--[src_cgi/login_cgi.c:161]--redis:[ip=127.0.0.1,port=6379]
[2021-06-29 21:03:46]--[src_cgi/login_cgi.c:185]--tmp = sakura811512527932
[2021-06-29 21:03:46]--[src_cgi/login_cgi.c:201]--base64 = /aI7o2sSpz/l5UypJRdTyOzUJ3TV/klo
[2021-06-29 21:03:46]--[src_cgi/login_cgi.c:303]--token = a470af3c4d8d955cdf682e1d9ce36d88
[2021-06-29 21:03:54]--[src_cgi/login_cgi.c:288]--buf = {
    "pwd": "e71dc5137306e66dac1b35a97d85a93e",
    "user": "sakura"
}

[2021-06-29 21:03:54]--[src_cgi/login_cgi.c:294]--user = sakura, pwd = e71dc5137306e66dac1b35a97d85a93e
[2021-06-29 21:03:54]--[src_cgi/login_cgi.c:101]--mysql_user = root, mysql_pwd = zzc123, mysql_db = cloud_disk
[2021-06-29 21:03:54]--[src_cgi/login_cgi.c:161]--redis:[ip=127.0.0.1,port=6379]
[2021-06-29 21:03:54]--[src_cgi/login_cgi.c:185]--tmp = sakura429538227753
[2021-06-29 21:03:54]--[src_cgi/login_cgi.c:201]--base64 = 8sLcjUaYwpZbHnr7kiZXWYlMcLT1p01T
[2021-06-29 21:03:54]--[src_cgi/login_cgi.c:303]--token = 8f451720ea1d4420815649702c2365ff
[2021-06-29 21:05:09]--[src_cgi/login_cgi.c:288]--buf = {
    "pwd": "202cb962ac59075b964b07152d234b70",
    "user": "sakura"
}

[2021-06-29 21:05:09]--[src_cgi/login_cgi.c:294]--user = sakura, pwd = 202cb962ac59075b964b07152d234b70
[2021-06-29 21:05:09]--[src_cgi/login_cgi.c:101]--mysql_user = root, mysql_pwd = zzc123, mysql_db = cloud_disk
[2021-06-29 21:05:15]--[src_cgi/login_cgi.c:288]--buf = {
    "pwd": "e71dc5137306e66dac1b35a97d85a93e",
    "user": "sakura"
}

[2021-06-29 21:05:15]--[src_cgi/login_cgi.c:294]--user = sakura, pwd = e71dc5137306e66dac1b35a97d85a93e
[2021-06-29 21:05:15]--[src_cgi/login_cgi.c:101]--mysql_user = root, mysql_pwd = zzc123, mysql_db = cloud_disk
[2021-06-29 21:05:15]--[src_cgi/login_cgi.c:161]--redis:[ip=127.0.0.1,port=6379]
[2021-06-29 21:05:15]--[src_cgi/login_cgi.c:185]--tmp = sakura950790858319
[2021-06-29 21:05:15]--[src_cgi/login_cgi.c:201]--base64 = bnVy31DTD7X46p1UynuvxM6JtKBs7Odn
[2021-06-29 21:05:15]--[src_cgi/login_cgi.c:303]--token = cd8d35d0511fdb172acd689f64bc7883
