[2021-06-28 09:20:06]--[src_cgi/login_cgi.c:288]--buf = {
    "pwd": "e71dc5137306e66dac1b35a97d85a93e",
    "user": "sakura"
}

[2021-06-28 09:20:06]--[src_cgi/login_cgi.c:294]--user = sakura, pwd = e71dc5137306e66dac1b35a97d85a93e
[2021-06-28 09:20:06]--[src_cgi/login_cgi.c:101]--mysql_user = root, mysql_pwd = zzc123, mysql_db = cloud_disk
[2021-06-28 09:20:11]--[src_cgi/login_cgi.c:288]--buf = {
    "pwd": "e71dc5137306e66dac1b35a97d85a93e",
    "user": "Sakura"
}

[2021-06-28 09:20:11]--[src_cgi/login_cgi.c:294]--user = Sakura, pwd = e71dc5137306e66dac1b35a97d85a93e
[2021-06-28 09:20:11]--[src_cgi/login_cgi.c:101]--mysql_user = root, mysql_pwd = zzc123, mysql_db = cloud_disk
[2021-06-28 09:22:38]--[src_cgi/login_cgi.c:288]--buf = {
    "pwd": "e71dc5137306e66dac1b35a97d85a93e",
    "user": "zzc"
}

[2021-06-28 09:22:38]--[src_cgi/login_cgi.c:294]--user = zzc, pwd = e71dc5137306e66dac1b35a97d85a93e
[2021-06-28 09:22:38]--[src_cgi/login_cgi.c:101]--mysql_user = root, mysql_pwd = zzc123, mysql_db = cloud_disk
[2021-06-28 09:22:38]--[src_cgi/login_cgi.c:161]--redis:[ip=127.0.0.1,port=6379]
[2021-06-28 09:22:38]--[src_cgi/login_cgi.c:185]--tmp = zzc39135929380
[2021-06-28 09:22:38]--[src_cgi/login_cgi.c:201]--base64 = W0QRWwjDWVIz5dG2GGwYzA==
[2021-06-28 09:22:38]--[src_cgi/login_cgi.c:303]--token = 917ba66247b5fbcc88a06e2ed6590734
[2021-06-28 10:03:09]--[src_cgi/login_cgi.c:288]--buf = {
    "pwd": "e71dc5137306e66dac1b35a97d85a93e",
    "user": "zzc"
}

[2021-06-28 10:03:09]--[src_cgi/login_cgi.c:294]--user = zzc, pwd = e71dc5137306e66dac1b35a97d85a93e
[2021-06-28 10:03:09]--[src_cgi/login_cgi.c:101]--mysql_user = root, mysql_pwd = zzc123, mysql_db = cloud_disk
[2021-06-28 10:03:09]--[src_cgi/login_cgi.c:161]--redis:[ip=127.0.0.1,port=6379]
[2021-06-28 10:03:09]--[src_cgi/login_cgi.c:185]--tmp = zzc368453752803
[2021-06-28 10:03:09]--[src_cgi/login_cgi.c:201]--base64 = +8I1M5jrCWCM5MKGPDvo+Q==
[2021-06-28 10:03:09]--[src_cgi/login_cgi.c:303]--token = 9a2ead29182bf77c93ecfdf8aeb5ef2d
[2021-06-28 10:19:24]--[src_cgi/login_cgi.c:288]--buf = {
    "pwd": "e71dc5137306e66dac1b35a97d85a93e",
    "user": "zzc"
}

[2021-06-28 10:19:24]--[src_cgi/login_cgi.c:294]--user = zzc, pwd = e71dc5137306e66dac1b35a97d85a93e
[2021-06-28 10:19:24]--[src_cgi/login_cgi.c:101]--mysql_user = root, mysql_pwd = zzc123, mysql_db = cloud_disk
[2021-06-28 10:19:24]--[src_cgi/login_cgi.c:161]--redis:[ip=127.0.0.1,port=6379]
[2021-06-28 10:19:24]--[src_cgi/login_cgi.c:185]--tmp = zzc938375789813
[2021-06-28 10:19:24]--[src_cgi/login_cgi.c:201]--base64 = s6GNNkXArrrA9oHwrZEPxA==
[2021-06-28 10:19:24]--[src_cgi/login_cgi.c:303]--token = 78073da21153825a9328371ea07785fe
[2021-06-28 10:22:02]--[src_cgi/login_cgi.c:288]--buf = {
    "pwd": "e71dc5137306e66dac1b35a97d85a93e",
    "user": "zzc"
}

[2021-06-28 10:22:02]--[src_cgi/login_cgi.c:294]--user = zzc, pwd = e71dc5137306e66dac1b35a97d85a93e
[2021-06-28 10:22:02]--[src_cgi/login_cgi.c:101]--mysql_user = root, mysql_pwd = zzc123, mysql_db = cloud_disk
[2021-06-28 10:22:02]--[src_cgi/login_cgi.c:161]--redis:[ip=127.0.0.1,port=6379]
[2021-06-28 10:22:02]--[src_cgi/login_cgi.c:185]--tmp = zzc802799661968
[2021-06-28 10:22:02]--[src_cgi/login_cgi.c:201]--base64 = s86SXZUrbR9wdbTZ+hVAnA==
[2021-06-28 10:22:02]--[src_cgi/login_cgi.c:303]--token = c230f078e4b068bd9736c609e9b13abf
[2021-06-28 10:25:11]--[src_cgi/login_cgi.c:288]--buf = {
    "pwd": "e71dc5137306e66dac1b35a97d85a93e",
    "user": "zzc"
}

[2021-06-28 10:25:11]--[src_cgi/login_cgi.c:294]--user = zzc, pwd = e71dc5137306e66dac1b35a97d85a93e
[2021-06-28 10:25:11]--[src_cgi/login_cgi.c:101]--mysql_user = root, mysql_pwd = zzc123, mysql_db = cloud_disk
[2021-06-28 10:25:11]--[src_cgi/login_cgi.c:161]--redis:[ip=127.0.0.1,port=6379]
[2021-06-28 10:25:11]--[src_cgi/login_cgi.c:185]--tmp = zzc760402691447
[2021-06-28 10:25:11]--[src_cgi/login_cgi.c:201]--base64 = xUTmCOFocDFEDJGqgsKZHw==
[2021-06-28 10:25:11]--[src_cgi/login_cgi.c:303]--token = ce4bc6f16bf5775350973b119e6eabb8
[2021-06-28 10:48:57]--[src_cgi/login_cgi.c:288]--buf = {
    "pwd": "e71dc5137306e66dac1b35a97d85a93e",
    "user": "zzc"
}

[2021-06-28 10:48:57]--[src_cgi/login_cgi.c:294]--user = zzc, pwd = e71dc5137306e66dac1b35a97d85a93e
[2021-06-28 10:48:57]--[src_cgi/login_cgi.c:101]--mysql_user = root, mysql_pwd = zzc123, mysql_db = cloud_disk
[2021-06-28 10:48:57]--[src_cgi/login_cgi.c:161]--redis:[ip=127.0.0.1,port=6379]
[2021-06-28 10:48:57]--[src_cgi/login_cgi.c:185]--tmp = zzc1112227394
[2021-06-28 10:48:57]--[src_cgi/login_cgi.c:201]--base64 = 8VAdP0h7dKg09Sd5vwaczg==
[2021-06-28 10:48:57]--[src_cgi/login_cgi.c:303]--token = 1fdfbd4130fe78ab60831c88980c6fda
[2021-06-28 11:06:58]--[src_cgi/login_cgi.c:288]--buf = {
    "pwd": "e71dc5137306e66dac1b35a97d85a93e",
    "user": "zzc"
}

[2021-06-28 11:06:58]--[src_cgi/login_cgi.c:294]--user = zzc, pwd = e71dc5137306e66dac1b35a97d85a93e
[2021-06-28 11:06:58]--[src_cgi/login_cgi.c:101]--mysql_user = root, mysql_pwd = zzc123, mysql_db = cloud_disk
[2021-06-28 11:06:58]--[src_cgi/login_cgi.c:161]--redis:[ip=127.0.0.1,port=6379]
[2021-06-28 11:06:58]--[src_cgi/login_cgi.c:185]--tmp = zzc429322296608
[2021-06-28 11:06:58]--[src_cgi/login_cgi.c:201]--base64 = vMlKumYrBDXnWHtowwi8ng==
[2021-06-28 11:06:58]--[src_cgi/login_cgi.c:303]--token = cb9ffb14f7b056797e835bb4e451c51a
[2021-06-28 14:10:11]--[src_cgi/login_cgi.c:288]--buf = {
    "pwd": "e71dc5137306e66dac1b35a97d85a93e",
    "user": "Sakura"
}

[2021-06-28 14:10:11]--[src_cgi/login_cgi.c:294]--user = Sakura, pwd = e71dc5137306e66dac1b35a97d85a93e
[2021-06-28 14:10:11]--[src_cgi/login_cgi.c:101]--mysql_user = root, mysql_pwd = zzc123, mysql_db = cloud_disk
[2021-06-28 14:10:11]--[src_cgi/login_cgi.c:161]--redis:[ip=127.0.0.1,port=6379]
[2021-06-28 14:10:11]--[src_cgi/login_cgi.c:185]--tmp = Sakura38089258957
[2021-06-28 14:10:11]--[src_cgi/login_cgi.c:201]--base64 = 1xZOBLU0HyOFUI4KFOksE/UujTBmz0dF
[2021-06-28 14:10:11]--[src_cgi/login_cgi.c:303]--token = 7c75f4a417d40d24d3d10335af32a968
[2021-06-28 14:26:24]--[src_cgi/login_cgi.c:288]--buf = {
    "pwd": "e71dc5137306e66dac1b35a97d85a93e",
    "user": "Sakura"
}

[2021-06-28 14:26:24]--[src_cgi/login_cgi.c:294]--user = Sakura, pwd = e71dc5137306e66dac1b35a97d85a93e
[2021-06-28 14:26:24]--[src_cgi/login_cgi.c:101]--mysql_user = root, mysql_pwd = zzc123, mysql_db = cloud_disk
[2021-06-28 14:26:24]--[src_cgi/login_cgi.c:161]--redis:[ip=127.0.0.1,port=6379]
[2021-06-28 14:26:24]--[src_cgi/login_cgi.c:185]--tmp = Sakura746730173978
[2021-06-28 14:26:24]--[src_cgi/login_cgi.c:201]--base64 = lD0U6vx9L/lSUg/6rHZX3YbJGvY4z6P8
[2021-06-28 14:26:24]--[src_cgi/login_cgi.c:303]--token = bb027f27424977397c70a0ca99ac5145
[2021-06-28 14:37:51]--[src_cgi/login_cgi.c:288]--buf = {
    "pwd": "e71dc5137306e66dac1b35a97d85a93e",
    "user": "Sakura"
}

[2021-06-28 14:37:51]--[src_cgi/login_cgi.c:294]--user = Sakura, pwd = e71dc5137306e66dac1b35a97d85a93e
[2021-06-28 14:37:51]--[src_cgi/login_cgi.c:101]--mysql_user = root, mysql_pwd = zzc123, mysql_db = cloud_disk
[2021-06-28 14:37:51]--[src_cgi/login_cgi.c:161]--redis:[ip=127.0.0.1,port=6379]
[2021-06-28 14:37:51]--[src_cgi/login_cgi.c:185]--tmp = Sakura98628888542
[2021-06-28 14:37:51]--[src_cgi/login_cgi.c:201]--base64 = m5kbGMNCcWtziGzNmCVO63j7pjZQFtzO
[2021-06-28 14:37:51]--[src_cgi/login_cgi.c:303]--token = c04c29454a99ec22cdec3b69621758b4
[2021-06-28 14:37:58]--[src_cgi/login_cgi.c:288]--buf = {
    "pwd": "e71dc5137306e66dac1b35a97d85a93e",
    "user": "Sakura"
}

[2021-06-28 14:37:58]--[src_cgi/login_cgi.c:294]--user = Sakura, pwd = e71dc5137306e66dac1b35a97d85a93e
[2021-06-28 14:37:58]--[src_cgi/login_cgi.c:101]--mysql_user = root, mysql_pwd = zzc123, mysql_db = cloud_disk
[2021-06-28 14:37:58]--[src_cgi/login_cgi.c:161]--redis:[ip=127.0.0.1,port=6379]
[2021-06-28 14:37:58]--[src_cgi/login_cgi.c:185]--tmp = Sakura412381949831
[2021-06-28 14:37:58]--[src_cgi/login_cgi.c:201]--base64 = vhwbjEJ2vezctW/USNsQe/L+DJaTk7G5
[2021-06-28 14:37:58]--[src_cgi/login_cgi.c:303]--token = fce65fe3f4d4638b653d20ef44bd7f30
[2021-06-28 15:51:46]--[src_cgi/login_cgi.c:288]--buf = {
    "pwd": "e71dc5137306e66dac1b35a97d85a93e",
    "user": "Sakura"
}

[2021-06-28 15:51:46]--[src_cgi/login_cgi.c:294]--user = Sakura, pwd = e71dc5137306e66dac1b35a97d85a93e
[2021-06-28 15:51:46]--[src_cgi/login_cgi.c:101]--mysql_user = root, mysql_pwd = zzc123, mysql_db = cloud_disk
[2021-06-28 15:51:46]--[src_cgi/login_cgi.c:161]--redis:[ip=127.0.0.1,port=6379]
[2021-06-28 15:51:46]--[src_cgi/login_cgi.c:185]--tmp = Sakura714990312526
[2021-06-28 15:51:46]--[src_cgi/login_cgi.c:201]--base64 = 6Q4NV8bSVBjIX2KiFpNVSrPY2BLG3s+D
[2021-06-28 15:51:46]--[src_cgi/login_cgi.c:303]--token = 3e36f9d3fdba81142f58f6ccce5e195a
[2021-06-28 15:59:24]--[src_cgi/login_cgi.c:288]--buf = {
    "pwd": "e71dc5137306e66dac1b35a97d85a93e",
    "user": "Sakura"
}

[2021-06-28 15:59:24]--[src_cgi/login_cgi.c:294]--user = Sakura, pwd = e71dc5137306e66dac1b35a97d85a93e
[2021-06-28 15:59:24]--[src_cgi/login_cgi.c:101]--mysql_user = root, mysql_pwd = zzc123, mysql_db = cloud_disk
[2021-06-28 15:59:24]--[src_cgi/login_cgi.c:161]--redis:[ip=127.0.0.1,port=6379]
[2021-06-28 15:59:24]--[src_cgi/login_cgi.c:185]--tmp = Sakura425555881143
[2021-06-28 15:59:24]--[src_cgi/login_cgi.c:201]--base64 = fmEy5H5nZBnAAfmrXjVwFIZwIaC0fVTv
[2021-06-28 15:59:24]--[src_cgi/login_cgi.c:303]--token = c86e00149441b1bab5bfee8090988171
[2021-06-28 16:02:53]--[src_cgi/login_cgi.c:288]--buf = {
    "pwd": "e71dc5137306e66dac1b35a97d85a93e",
    "user": "Sakura"
}

[2021-06-28 16:02:53]--[src_cgi/login_cgi.c:294]--user = Sakura, pwd = e71dc5137306e66dac1b35a97d85a93e
[2021-06-28 16:02:53]--[src_cgi/login_cgi.c:101]--mysql_user = root, mysql_pwd = zzc123, mysql_db = cloud_disk
[2021-06-28 16:02:53]--[src_cgi/login_cgi.c:161]--redis:[ip=127.0.0.1,port=6379]
[2021-06-28 16:02:53]--[src_cgi/login_cgi.c:185]--tmp = Sakura242999442708
[2021-06-28 16:02:53]--[src_cgi/login_cgi.c:201]--base64 = gQHnUw6LX7/iSpDPnXwcSeuEpBfVvZ4b
[2021-06-28 16:02:53]--[src_cgi/login_cgi.c:303]--token = e47c25a86efb14eb7820594bd679ec58
