[2021-06-29 11:27:57]--[src_cgi/myfiles_cgi.c:40]--mysql:[user=root,pwd=zzc123,database=cloud_disk][2021-06-29 11:30:03]--[src_cgi/myfiles_cgi.c:40]--mysql:[user=root,pwd=zzc123,database=cloud_disk][2021-06-29 11:31:51]--[src_cgi/myfiles_cgi.c:40]--mysql:[user=root,pwd=zzc123,database=cloud_disk][2021-06-29 11:32:47]--[src_cgi/myfiles_cgi.c:40]--mysql:[user=root,pwd=zzc123,database=cloud_disk][2021-06-29 11:33:48]--[src_cgi/myfiles_cgi.c:40]--mysql:[user=root,pwd=zzc123,database=cloud_disk][2021-06-29 11:40:43]--[src_cgi/myfiles_cgi.c:40]--mysql:[user=root,pwd=zzc123,database=cloud_disk][2021-06-29 13:08:33]--[src_cgi/myfiles_cgi.c:40]--mysql:[user=root,pwd=zzc123,database=cloud_disk][2021-06-29 13:10:09]--[src_cgi/myfiles_cgi.c:40]--mysql:[user=root,pwd=zzc123,database=cloud_disk][2021-06-29 13:18:27]--[src_cgi/myfiles_cgi.c:40]--mysql:[user=root,pwd=zzc123,database=cloud_disk][2021-06-29 13:24:53]--[src_cgi/myfiles_cgi.c:40]--mysql:[user=root,pwd=zzc123,database=cloud_disk][2021-06-29 13:31:53]--[src_cgi/myfiles_cgi.c:40]--mysql:[user=root,pwd=zzc123,database=cloud_disk][2021-06-29 13:37:05]--[src_cgi/myfiles_cgi.c:40]--mysql:[user=root,pwd=zzc123,database=cloud_disk][2021-06-29 13:38:05]--[src_cgi/myfiles_cgi.c:40]--mysql:[user=root,pwd=zzc123,database=cloud_disk][2021-06-29 13:38:50]--[src_cgi/myfiles_cgi.c:40]--mysql:[user=root,pwd=zzc123,database=cloud_disk][2021-06-29 13:39:33]--[src_cgi/myfiles_cgi.c:40]--mysql:[user=root,pwd=zzc123,database=cloud_disk][2021-06-29 16:50:11]--[src_cgi/myfiles_cgi.c:40]--mysql:[user=root,pwd=zzc123,database=cloud_disk][2021-06-29 16:54:26]--[src_cgi/myfiles_cgi.c:40]--mysql:[user=root,pwd=zzc123,database=cloud_disk][2021-06-29 16:55:09]--[src_cgi/myfiles_cgi.c:40]--mysql:[user=root,pwd=zzc123,database=cloud_disk][2021-06-29 16:58:01]--[src_cgi/myfiles_cgi.c:40]--mysql:[user=root,pwd=zzc123,database=cloud_disk][2021-06-29 16:59:42]--[src_cgi/myfiles_cgi.c:40]--mysql:[user=root,pwd=zzc123,database=cloud_disk][2021-06-29 17:02:48]--[src_cgi/myfiles_cgi.c:40]--mysql:[user=root,pwd=zzc123,database=cloud_disk][2021-06-29 17:11:10]--[src_cgi/myfiles_cgi.c:40]--mysql:[user=root,pwd=zzc123,database=cloud_disk][2021-06-29 17:15:08]--[src_cgi/myfiles_cgi.c:40]--mysql:[user=root,pwd=zzc123,database=cloud_disk][2021-06-29 17:42:17]--[src_cgi/myfiles_cgi.c:40]--mysql:[user=root,pwd=zzc123,database=cloud_disk][2021-06-29 21:03:18]--[src_cgi/myfiles_cgi.c:496]--cmd = count
[2021-06-29 21:03:18]--[src_cgi/myfiles_cgi.c:528]--buf = {
    "token": "ccb8de3c82e20c750c7d178b65e16428",
    "user": "sakura"
}

[2021-06-29 21:03:18]--[src_cgi/myfiles_cgi.c:164]--select count from user_file_count where user="sakura" 操作失败
[2021-06-29 21:03:18]--[src_cgi/myfiles_cgi.c:176]--line = 0
[2021-06-29 21:03:18]--[src_cgi/myfiles_cgi.c:496]--cmd = count
[2021-06-29 21:03:18]--[src_cgi/myfiles_cgi.c:528]--buf = {
    "token": "6cfb29f6c8dbaff82cadc173696c46b8",
    "user": "sakura"
}

[2021-06-29 21:03:18]--[src_cgi/myfiles_cgi.c:164]--select count from user_file_count where user="sakura" 操作失败
[2021-06-29 21:03:18]--[src_cgi/myfiles_cgi.c:176]--line = 0
[2021-06-29 21:03:38]--[src_cgi/myfiles_cgi.c:496]--cmd = count
[2021-06-29 21:03:38]--[src_cgi/myfiles_cgi.c:528]--buf = {
    "token": "89b4c8f21911a125c94614f7aea5f3a3",
    "user": "sakura"
}

[2021-06-29 21:03:38]--[src_cgi/myfiles_cgi.c:164]--select count from user_file_count where user="sakura" 操作失败
[2021-06-29 21:03:38]--[src_cgi/myfiles_cgi.c:176]--line = 0
[2021-06-29 21:03:47]--[src_cgi/myfiles_cgi.c:496]--cmd = count
[2021-06-29 21:03:47]--[src_cgi/myfiles_cgi.c:528]--buf = {
    "token": "a470af3c4d8d955cdf682e1d9ce36d88",
    "user": "sakura"
}

[2021-06-29 21:03:47]--[src_cgi/myfiles_cgi.c:164]--select count from user_file_count where user="sakura" 操作失败
[2021-06-29 21:03:47]--[src_cgi/myfiles_cgi.c:176]--line = 0
[2021-06-29 21:03:54]--[src_cgi/myfiles_cgi.c:496]--cmd = count
[2021-06-29 21:03:54]--[src_cgi/myfiles_cgi.c:528]--buf = {
    "token": "8f451720ea1d4420815649702c2365ff",
    "user": "sakura"
}

[2021-06-29 21:03:54]--[src_cgi/myfiles_cgi.c:164]--select count from user_file_count where user="sakura" 操作失败
[2021-06-29 21:03:54]--[src_cgi/myfiles_cgi.c:176]--line = 0
[2021-06-29 21:05:15]--[src_cgi/myfiles_cgi.c:496]--cmd = count
[2021-06-29 21:05:15]--[src_cgi/myfiles_cgi.c:528]--buf = {
    "token": "cd8d35d0511fdb172acd689f64bc7883",
    "user": "sakura"
}

[2021-06-29 21:05:15]--[src_cgi/myfiles_cgi.c:164]--select count from user_file_count where user="sakura" 操作失败
[2021-06-29 21:05:15]--[src_cgi/myfiles_cgi.c:176]--line = 0
