[2021-06-27 11:41:35]--[src_cgi/myfiles_cgi.c:40]--mysql:[user=root,pwd=root,database=cloud_disk][2021-06-27 12:55:25]--[src_cgi/myfiles_cgi.c:40]--mysql:[user=root,pwd=root,database=cloud_disk][2021-06-27 13:07:56]--[src_cgi/myfiles_cgi.c:40]--mysql:[user=root,pwd=root,database=cloud_disk][2021-06-27 13:13:02]--[src_cgi/myfiles_cgi.c:40]--mysql:[user=root,pwd=root,database=cloud_disk][2021-06-27 16:21:50]--[src_cgi/myfiles_cgi.c:40]--mysql:[user=root,pwd=zzc123,database=cloud_disk][2021-06-27 16:23:45]--[src_cgi/myfiles_cgi.c:496]--cmd = count
[2021-06-27 16:23:45]--[src_cgi/myfiles_cgi.c:528]--buf = {
    "token": "25acda8044ad0fa5d53e8b40d8905473",
    "user": "zzc"
}

[2021-06-27 16:23:45]--[src_cgi/myfiles_cgi.c:164]--select count from user_file_count where user="zzc" 操作失败
[2021-06-27 16:23:45]--[src_cgi/myfiles_cgi.c:176]--line = 0
[2021-06-27 16:24:20]--[src_cgi/myfiles_cgi.c:496]--cmd = count
[2021-06-27 16:24:20]--[src_cgi/myfiles_cgi.c:528]--buf = {
    "token": "25acda8044ad0fa5d53e8b40d8905473",
    "user": "zzc"
}

[2021-06-27 16:24:20]--[src_cgi/myfiles_cgi.c:176]--line = 1
[2021-06-27 16:24:20]--[src_cgi/myfiles_cgi.c:496]--cmd = normal
[2021-06-27 16:24:20]--[src_cgi/myfiles_cgi.c:528]--buf = {
    "count": 1,
    "start": 0,
    "token": "25acda8044ad0fa5d53e8b40d8905473",
    "user": "zzc"
}

[2021-06-27 16:24:20]--[src_cgi/myfiles_cgi.c:548]--user = zzc, token = 25acda8044ad0fa5d53e8b40d8905473, start = 0, count = 1
[2021-06-27 16:24:20]--[src_cgi/myfiles_cgi.c:306]--select user_file_list.*, file_info.url, file_info.size, file_info.type from file_info, user_file_list where user = 'zzc' and file_info.md5 = user_file_list.md5 limit 0, 1 在操作
[2021-06-27 16:24:20]--[src_cgi/myfiles_cgi.c:428]--{
	"files":	[{
			"user":	"zzc",
			"md5":	"8bbda9083bb20e64b0436ac29f56f277",
			"time":	"2021-06-27 16:24:12",
			"filename":	"cloud-disk.tar.gz",
			"share_status":	0,
			"pv":	0,
			"url":	"http://192.168.213.128:80/group1/M00/00/00/wKjVgGDYNayAP7Y6AAGgNksKGEM.tar.gz",
			"size":	106550,
			"type":	"gz"
		}]
}
