[2021-06-27 16:16:19]--[src_cgi/reg_cgi.c:236]--buf = {
    "email": "abc@qq.com",
    "firstPwd": "e10adc3949ba59abbe56e057f20f883e",
    "nickName": "kevin@666",
    "phone": "11111111111",
    "userName": "kevin_666"
}

[2021-06-27 16:16:19]--[src_cgi/reg_cgi.c:128]--mysql_user = root, mysql_pwd = root, mysql_db = cloud_disk
[2021-06-27 16:16:19]--[src_cgi/reg_cgi.c:141]--user = kevin_666, nick_name = kevin@666, pwd = e10adc3949ba59abbe56e057f20f883e, tel = 11111111111, email = abc@qq.com
[2021-06-27 16:16:19]--[src_cgi/reg_cgi.c:147]--msql_conn err
[2021-06-27 16:16:28]--[src_cgi/reg_cgi.c:236]--buf = {
    "email": "abc@qq.com",
    "firstPwd": "e71dc5137306e66dac1b35a97d85a93e",
    "nickName": "kevin@666",
    "phone": "11111111111",
    "userName": "kevin_666"
}

[2021-06-27 16:16:28]--[src_cgi/reg_cgi.c:128]--mysql_user = root, mysql_pwd = root, mysql_db = cloud_disk
[2021-06-27 16:16:28]--[src_cgi/reg_cgi.c:141]--user = kevin_666, nick_name = kevin@666, pwd = e71dc5137306e66dac1b35a97d85a93e, tel = 11111111111, email = abc@qq.com
[2021-06-27 16:16:28]--[src_cgi/reg_cgi.c:147]--msql_conn err
[2021-06-27 16:19:29]--[src_cgi/reg_cgi.c:236]--buf = {
    "email": "abc@qq.com",
    "firstPwd": "e71dc5137306e66dac1b35a97d85a93e",
    "nickName": "sakura",
    "phone": "11111111111",
    "userName": "zzc"
}

[2021-06-27 16:19:29]--[src_cgi/reg_cgi.c:128]--mysql_user = root, mysql_pwd = root, mysql_db = cloud_disk
[2021-06-27 16:19:29]--[src_cgi/reg_cgi.c:141]--user = zzc, nick_name = sakura, pwd = e71dc5137306e66dac1b35a97d85a93e, tel = 11111111111, email = abc@qq.com
[2021-06-27 16:19:29]--[src_cgi/reg_cgi.c:147]--msql_conn err
[2021-06-27 16:22:03]--[src_cgi/reg_cgi.c:236]--buf = {
    "email": "abc@qq.com",
    "firstPwd": "e71dc5137306e66dac1b35a97d85a93e",
    "nickName": "sakura",
    "phone": "11111111111",
    "userName": "zzc"
}

[2021-06-27 16:22:03]--[src_cgi/reg_cgi.c:128]--mysql_user = root, mysql_pwd = zzc123, mysql_db = cloud_disk
[2021-06-27 16:22:03]--[src_cgi/reg_cgi.c:141]--user = zzc, nick_name = sakura, pwd = e71dc5137306e66dac1b35a97d85a93e, tel = 11111111111, email = abc@qq.com
